This is pdfTeX, Version 3.14159265-2.6-1.40.17 (MiKTeX 2.9) (preloaded format=pdflatex 2016.9.20)  2 MAY 2018 22:12
entering extended mode
**./NLI_Draft_Report.tex
(NLI_Draft_Report.tex
LaTeX2e <2016/03/31> patch level 3
Babel <3.9r> and hyphenation patterns for 75 language(s) loaded.

("C:\Users\Daniel Brett\AppData\Local\Programs\MiKTeX 2.9\tex\latex\base\articl
e.cls"
Document Class: article 2014/09/29 v1.4h Standard LaTeX document class

("C:\Users\Daniel Brett\AppData\Local\Programs\MiKTeX 2.9\tex\latex\base\size12
.clo"
File: size12.clo 2014/09/29 v1.4h Standard LaTeX file (size option)
)
\c@part=\count79
\c@section=\count80
\c@subsection=\count81
\c@subsubsection=\count82
\c@paragraph=\count83
\c@subparagraph=\count84
\c@figure=\count85
\c@table=\count86
\abovecaptionskip=\skip41
\belowcaptionskip=\skip42
\bibindent=\dimen102
)
("C:\Users\Daniel Brett\AppData\Local\Programs\MiKTeX 2.9\tex\latex\graphics\gr
aphicx.sty"
Package: graphicx 2014/10/28 v1.0g Enhanced LaTeX Graphics (DPC,SPQR)

("C:\Users\Daniel Brett\AppData\Local\Programs\MiKTeX 2.9\tex\latex\graphics\ke
yval.sty"
Package: keyval 2014/10/28 v1.15 key=value parser (DPC)
\KV@toks@=\toks14
)
("C:\Users\Daniel Brett\AppData\Local\Programs\MiKTeX 2.9\tex\latex\graphics\gr
aphics.sty"
Package: graphics 2016/07/10 v1.0t Standard LaTeX Graphics (DPC,SPQR)

("C:\Users\Daniel Brett\AppData\Local\Programs\MiKTeX 2.9\tex\latex\graphics\tr
ig.sty"
Package: trig 2016/01/03 v1.10 sin cos tan (DPC)
)
("C:\Users\Daniel Brett\AppData\Local\Programs\MiKTeX 2.9\tex\latex\00miktex\gr
aphics.cfg"
File: graphics.cfg 2016/06/04 v1.11 sample graphics configuration
)
Package graphics Info: Driver file: pdftex.def on input line 99.

("C:\Users\Daniel Brett\AppData\Local\Programs\MiKTeX 2.9\tex\latex\graphics-de
f\pdftex.def"
File: pdftex.def 2016/07/10 v0.06j Graphics/color for pdfTeX

("C:\Users\Daniel Brett\AppData\Local\Programs\MiKTeX 2.9\tex\generic\oberdiek\
infwarerr.sty"
Package: infwarerr 2016/05/16 v1.4 Providing info/warning/error messages (HO)
)
("C:\Users\Daniel Brett\AppData\Local\Programs\MiKTeX 2.9\tex\generic\oberdiek\
ltxcmds.sty"
Package: ltxcmds 2016/05/16 v1.23 LaTeX kernel commands for general use (HO)
)
\Gread@gobject=\count87
))
\Gin@req@height=\dimen103
\Gin@req@width=\dimen104
)
("C:\Users\Daniel Brett\AppData\Local\Programs\MiKTeX 2.9\tex\latex\amsmath\ams
math.sty"
Package: amsmath 2016/06/28 v2.15d AMS math features
\@mathmargin=\skip43

For additional information on amsmath, use the `?' option.

("C:\Users\Daniel Brett\AppData\Local\Programs\MiKTeX 2.9\tex\latex\amsmath\ams
text.sty"
Package: amstext 2000/06/29 v2.01 AMS text

("C:\Users\Daniel Brett\AppData\Local\Programs\MiKTeX 2.9\tex\latex\amsmath\ams
gen.sty"
File: amsgen.sty 1999/11/30 v2.0 generic functions
\@emptytoks=\toks15
\ex@=\dimen105
))
("C:\Users\Daniel Brett\AppData\Local\Programs\MiKTeX 2.9\tex\latex\amsmath\ams
bsy.sty"
Package: amsbsy 1999/11/29 v1.2d Bold Symbols
\pmbraise@=\dimen106
)
("C:\Users\Daniel Brett\AppData\Local\Programs\MiKTeX 2.9\tex\latex\amsmath\ams
opn.sty"
Package: amsopn 2016/03/08 v2.02 operator names
)
\inf@bad=\count88
LaTeX Info: Redefining \frac on input line 199.
\uproot@=\count89
\leftroot@=\count90
LaTeX Info: Redefining \overline on input line 297.
\classnum@=\count91
\DOTSCASE@=\count92
LaTeX Info: Redefining \ldots on input line 394.
LaTeX Info: Redefining \dots on input line 397.
LaTeX Info: Redefining \cdots on input line 518.
\Mathstrutbox@=\box26
\strutbox@=\box27
\big@size=\dimen107
LaTeX Font Info:    Redeclaring font encoding OML on input line 634.
LaTeX Font Info:    Redeclaring font encoding OMS on input line 635.
\macc@depth=\count93
\c@MaxMatrixCols=\count94
\dotsspace@=\muskip10
\c@parentequation=\count95
\dspbrk@lvl=\count96
\tag@help=\toks16
\row@=\count97
\column@=\count98
\maxfields@=\count99
\andhelp@=\toks17
\eqnshift@=\dimen108
\alignsep@=\dimen109
\tagshift@=\dimen110
\tagwidth@=\dimen111
\totwidth@=\dimen112
\lineht@=\dimen113
\@envbody=\toks18
\multlinegap=\skip44
\multlinetaggap=\skip45
\mathdisplay@stack=\toks19
LaTeX Info: Redefining \[ on input line 2739.
LaTeX Info: Redefining \] on input line 2740.
)
("C:\Users\Daniel Brett\AppData\Local\Programs\MiKTeX 2.9\tex\latex\enumitem\en
umitem.sty"
Package: enumitem 2011/09/28 v3.5.2 Customized lists
\labelindent=\skip46
\enit@outerparindent=\dimen114
\enit@toks=\toks20
\enit@inbox=\box28
\enitdp@description=\count100
)
("C:\Users\Daniel Brett\AppData\Local\Programs\MiKTeX 2.9\tex\latex\amsfonts\am
ssymb.sty"
Package: amssymb 2013/01/14 v3.01 AMS font symbols

("C:\Users\Daniel Brett\AppData\Local\Programs\MiKTeX 2.9\tex\latex\amsfonts\am
sfonts.sty"
Package: amsfonts 2013/01/14 v3.01 Basic AMSFonts support
\symAMSa=\mathgroup4
\symAMSb=\mathgroup5
LaTeX Font Info:    Overwriting math alphabet `\mathfrak' in version `bold'
(Font)                  U/euf/m/n --> U/euf/b/n on input line 106.
))
("C:\Users\Daniel Brett\AppData\Local\Programs\MiKTeX 2.9\tex\latex\was\gensymb
.sty"
Package: gensymb 2003/07/02 v1.0 (WaS)
)
("C:\Users\Daniel Brett\AppData\Local\Programs\MiKTeX 2.9\tex\latex\tools\tabul
arx.sty"
Package: tabularx 2016/02/03 v2.11 `tabularx' package (DPC)

("C:\Users\Daniel Brett\AppData\Local\Programs\MiKTeX 2.9\tex\latex\tools\array
.sty"
Package: array 2014/10/28 v2.4c Tabular extension package (FMi)
\col@sep=\dimen115
\extrarowheight=\dimen116
\NC@list=\toks21
\extratabsurround=\skip47
\backup@length=\skip48
)
\TX@col@width=\dimen117
\TX@old@table=\dimen118
\TX@old@col=\dimen119
\TX@target=\dimen120
\TX@delta=\dimen121
\TX@cols=\count101
\TX@ftn=\toks22
) (NLI_Draft_Report.aux)
\openout1 = `NLI_Draft_Report.aux'.

LaTeX Font Info:    Checking defaults for OML/cmm/m/it on input line 16.
LaTeX Font Info:    ... okay on input line 16.
LaTeX Font Info:    Checking defaults for T1/cmr/m/n on input line 16.
LaTeX Font Info:    ... okay on input line 16.
LaTeX Font Info:    Checking defaults for OT1/cmr/m/n on input line 16.
LaTeX Font Info:    ... okay on input line 16.
LaTeX Font Info:    Checking defaults for OMS/cmsy/m/n on input line 16.
LaTeX Font Info:    ... okay on input line 16.
LaTeX Font Info:    Checking defaults for OMX/cmex/m/n on input line 16.
LaTeX Font Info:    ... okay on input line 16.
LaTeX Font Info:    Checking defaults for U/cmr/m/n on input line 16.
LaTeX Font Info:    ... okay on input line 16.

("C:\Users\Daniel Brett\AppData\Local\Programs\MiKTeX 2.9\tex\context\base\supp
-pdf.mkii"
[Loading MPS to PDF converter (version 2006.09.02).]
\scratchcounter=\count102
\scratchdimen=\dimen122
\scratchbox=\box29
\nofMPsegments=\count103
\nofMParguments=\count104
\everyMPshowfont=\toks23
\MPscratchCnt=\count105
\MPscratchDim=\dimen123
\MPnumerator=\count106
\makeMPintoPDFobject=\count107
\everyMPtoPDFconversion=\toks24
)
("C:\Users\Daniel Brett\AppData\Local\Programs\MiKTeX 2.9\tex\generic\oberdiek\
pdftexcmds.sty"
Package: pdftexcmds 2016/05/21 v0.22 Utility functions of pdfTeX for LuaTeX (HO
)

("C:\Users\Daniel Brett\AppData\Local\Programs\MiKTeX 2.9\tex\generic\oberdiek\
ifluatex.sty"
Package: ifluatex 2016/05/16 v1.4 Provides the ifluatex switch (HO)
Package ifluatex Info: LuaTeX not detected.
)
("C:\Users\Daniel Brett\AppData\Local\Programs\MiKTeX 2.9\tex\generic\oberdiek\
ifpdf.sty"
Package: ifpdf 2016/05/14 v3.1 Provides the ifpdf switch
)
Package pdftexcmds Info: LuaTeX not detected.
Package pdftexcmds Info: \pdf@primitive is available.
Package pdftexcmds Info: \pdf@ifprimitive is available.
Package pdftexcmds Info: \pdfdraftmode found.
)
("C:\Users\Daniel Brett\AppData\Local\Programs\MiKTeX 2.9\tex\latex\oberdiek\ep
stopdf-base.sty"
Package: epstopdf-base 2016/05/15 v2.6 Base part for package epstopdf

("C:\Users\Daniel Brett\AppData\Local\Programs\MiKTeX 2.9\tex\latex\oberdiek\gr
fext.sty"
Package: grfext 2016/05/16 v1.2 Manage graphics extensions (HO)

("C:\Users\Daniel Brett\AppData\Local\Programs\MiKTeX 2.9\tex\generic\oberdiek\
kvdefinekeys.sty"
Package: kvdefinekeys 2016/05/16 v1.4 Define keys (HO)
))
("C:\Users\Daniel Brett\AppData\Local\Programs\MiKTeX 2.9\tex\latex\oberdiek\kv
options.sty"
Package: kvoptions 2016/05/16 v3.12 Key value format for package options (HO)

("C:\Users\Daniel Brett\AppData\Local\Programs\MiKTeX 2.9\tex\generic\oberdiek\
kvsetkeys.sty"
Package: kvsetkeys 2016/05/16 v1.17 Key value parser (HO)

("C:\Users\Daniel Brett\AppData\Local\Programs\MiKTeX 2.9\tex\generic\oberdiek\
etexcmds.sty"
Package: etexcmds 2016/05/16 v1.6 Avoid name clashes with e-TeX commands (HO)
Package etexcmds Info: Could not find \expanded.
(etexcmds)             That can mean that you are not using pdfTeX 1.50 or
(etexcmds)             that some package has redefined \expanded.
(etexcmds)             In the latter case, load this package earlier.
)))
Package epstopdf-base Info: Redefining graphics rule for `.eps' on input line 4
38.
Package grfext Info: Graphics extension search list:
(grfext)             [.png,.pdf,.jpg,.mps,.jpeg,.jbig2,.jb2,.PNG,.PDF,.JPG,.JPE
G,.JBIG2,.JB2,.eps]
(grfext)             \AppendGraphicsExtensions on input line 456.
)
LaTeX Info: Redefining \celsius on input line 16.
Package gensymb Info: Faking symbols for \degree and \celsius on input line 16.



Package gensymb Warning: Not defining \perthousand.

LaTeX Info: Redefining \ohm on input line 16.
Package gensymb Info: Using \Omega for \ohm on input line 16.

Package gensymb Warning: Not defining \micro.

LaTeX Font Info:    Try loading font information for U+msa on input line 17.

("C:\Users\Daniel Brett\AppData\Local\Programs\MiKTeX 2.9\tex\latex\amsfonts\um
sa.fd"
File: umsa.fd 2013/01/14 v3.01 AMS symbols A
)
LaTeX Font Info:    Try loading font information for U+msb on input line 17.

("C:\Users\Daniel Brett\AppData\Local\Programs\MiKTeX 2.9\tex\latex\amsfonts\um
sb.fd"
File: umsb.fd 2013/01/14 v3.01 AMS symbols B
) [1

{C:/Users/Daniel Brett/AppData/Local/MiKTeX/2.9/pdftex/config/pdftex.map}] (NLI
_Draft_Report.toc)
\tf@toc=\write3
\openout3 = `NLI_Draft_Report.toc'.

 [2] [3] [4] [5]
Overfull \hbox (16.13634pt too wide) in paragraph at lines 39--53
 [] 
 []


Overfull \hbox (18.3752pt too wide) in paragraph at lines 57--71
 [] 
 []

[6]
Underfull \hbox (badness 10000) in paragraph at lines 129--135

 []

[7] <lengthD.png, id=30, 462.528pt x 346.896pt>
File: lengthD.png Graphic file (type png)
 <use lengthD.png>
Package pdftex.def Info: lengthD.png used on input line 136.
(pdftex.def)             Requested size: 370.02289pt x 277.51717pt.
 [8]
<Figure1.png, id=35, 948.1824pt x 494.3268pt>
File: Figure1.png Graphic file (type png)
 <use Figure1.png>
Package pdftex.def Info: Figure1.png used on input line 138.
(pdftex.def)             Requested size: 379.26625pt x 197.7272pt.

Underfull \hbox (badness 10000) in paragraph at lines 144--152

 []


Underfull \hbox (badness 10000) in paragraph at lines 144--152

 []

[9 <./lengthD.png> <./Figure1.png>]
Underfull \hbox (badness 10000) in paragraph at lines 155--168

 []


Underfull \hbox (badness 10000) in paragraph at lines 155--168

 []


Underfull \hbox (badness 10000) in paragraph at lines 155--168

 []

[10]
Missing character: There is no ‚ in font cmr12!
Missing character: There is no Ä in font cmr12!
Missing character: There is no ú in font cmr12!
Missing character: There is no ‚ in font cmr12!
Missing character: There is no Ä in font cmr12!
Missing character: There is no ù in font cmr12!
Missing character: There is no ‚ in font cmr12!
Missing character: There is no Ä in font cmr12!
Missing character: There is no ú in font cmr12!
Missing character: There is no ‚ in font cmr12!
Missing character: There is no Ä in font cmr12!
Missing character: There is no ù in font cmr12!
Missing character: There is no ‚ in font cmr12!
Missing character: There is no Ä in font cmr12!
Missing character: There is no ô in font cmr12!
 [11]
Underfull \hbox (badness 10000) in paragraph at lines 176--177

 []

<val_acc.png, id=48, 462.528pt x 346.896pt>
File: val_acc.png Graphic file (type png)
 <use val_acc.png>
Package pdftex.def Info: val_acc.png used on input line 178.
(pdftex.def)             Requested size: 342.2724pt x 256.7043pt.
 [12]
<total_loss.png, id=52, 462.528pt x 346.896pt>
File: total_loss.png Graphic file (type png)
 <use total_loss.png>
Package pdftex.def Info: total_loss.png used on input line 180.
(pdftex.def)             Requested size: 342.2724pt x 256.7043pt.
 [13 <./val_acc.png> <./total_loss.png>]
Missing character: There is no ‚ in font cmr12!
Missing character: There is no Ä in font cmr12!
Missing character: There is no ô in font cmr12!
Missing character: There is no ‚ in font cmr12!
Missing character: There is no Ä in font cmr12!
Missing character: There is no ô in font cmr12!
 [14]
Missing character: There is no Ô in font cmr12!
Missing character: There is no ¨ in font cmr12!
Missing character: There is no Å in font cmr12!
Missing character: There is no Ô in font cmr12!
Missing character: There is no ¨ in font cmr12!
Missing character: There is no Å in font cmr12!
 [15] (NLI_Draft_Report.aux) ) 
Here is how much of TeX's memory you used:
 2831 strings out of 493334
 40011 string characters out of 3127189
 105555 words of memory out of 3000000
 6316 multiletter control sequences out of 15000+200000
 13048 words of font info for 51 fonts, out of 3000000 for 9000
 1141 hyphenation exceptions out of 8191
 40i,8n,26p,2627b,219s stack positions out of 5000i,500n,10000p,200000b,50000s
<C:/Users/Daniel Brett/AppData/Local/Programs/MiK
TeX 2.9/fonts/type1/public/amsfonts/cm/cmbx12.pfb><C:/Users/Daniel Brett/AppDat
a/Local/Programs/MiKTeX 2.9/fonts/type1/public/amsfonts/cm/cmr10.pfb><C:/Users/
Daniel Brett/AppData/Local/Programs/MiKTeX 2.9/fonts/type1/public/amsfonts/cm/c
mr12.pfb><C:/Users/Daniel Brett/AppData/Local/Programs/MiKTeX 2.9/fonts/type1/p
ublic/amsfonts/cm/cmr17.pfb><C:/Users/Daniel Brett/AppData/Local/Programs/MiKTe
X 2.9/fonts/type1/public/amsfonts/cm/cmr7.pfb><C:/Users/Daniel Brett/AppData/Lo
cal/Programs/MiKTeX 2.9/fonts/type1/public/amsfonts/cm/cmr8.pfb><C:/Users/Danie
l Brett/AppData/Local/Programs/MiKTeX 2.9/fonts/type1/public/amsfonts/cm/cmsy10
.pfb>
Output written on NLI_Draft_Report.pdf (15 pages, 331674 bytes).
PDF statistics:
 88 PDF objects out of 1000 (max. 8388607)
 0 named destinations out of 1000 (max. 500000)
 21 words of extra memory for PDF output out of 10000 (max. 10000000)

